{
  "RSpec": {
    "coverage": {
      "/home/tgrosch91-20190/code/labs/tic-tac-toe-rb-ruby-intro-kwk/lib/tic_tac_toe.rb": [
        1,
        21,
        21,
        21,
        21,
        21,
        null,
        null,
        null,
        1,
        23,
        23,
        null,
        null,
        null,
        1,
        25,
        null,
        null,
        1,
        23,
        20,
        3,
        null,
        null,
        null,
        null,
        null,
        1,
        21,
        21,
        189,
        31,
        null,
        null,
        21,
        null,
        null,
        null,
        1,
        20,
        14,
        6,
        null,
        null,
        null,
        null,
        1,
        22,
        null,
        null,
        null,
        1,
        20,
        20,
        20,
        20,
        19,
        19,
        19,
        1,
        null,
        null,
        null,
        null,
        1,
        null,
        null,
        null,
        null,
        null,
        null,
        null,
        null,
        null,
        null,
        null,
        1,
        66,
        414,
        414,
        414,
        414,
        414,
        414,
        414,
        22,
        null,
        7,
        null,
        null,
        37,
        null,
        null,
        null,
        1,
        29,
        146,
        null,
        null,
        null,
        null,
        1,
        28,
        28,
        28,
        null,
        null,
        null,
        1,
        21,
        null,
        null,
        null,
        1,
        7,
        6,
        6,
        null,
        null,
        null,
        1,
        12,
        17,
        null,
        12,
        5,
        5,
        7,
        3,
        null,
        null
      ]
    },
    "timestamp": 1472964450
  }
}
